<?xml version="1.0" encoding="UTF-8"?>
<testsuite name="NavyTests" tests="1" skipped="0" failures="0" errors="0" timestamp="2021-03-03T15:49:45" hostname="DESKTOP-CAU9NES" time="0.069">
  <properties/>
  <testcase name="GIVEN a navies context WHEN an explosion occurs THEN which machines can be affected" classname="NavyTests" time="0.069"/>
  <system-out><![CDATA[]]></system-out>
  <system-err><![CDATA[]]></system-err>
</testsuite>
